<?xml version="1.0" encoding="UTF-8"?>
<!-- Generated by org.testng.reporters.JUnitReportReporter -->
<testsuite hostname="MTYTM19083Z56" failures="0" tests="4" name="com.expedia.flightsbooking.TestNG_Grouping" time="0.006" errors="0" timestamp="25 Sep 2020 15:24:17 GMT" skipped="0">
  <testcase classname="com.expedia.flightsbooking.TestNG_Grouping" name="BMWX3" time="0.000"/>
  <testcase classname="com.expedia.flightsbooking.TestNG_Grouping" name="HondaAccord" time="0.006"/>
  <testcase classname="com.expedia.flightsbooking.TestNG_Grouping" name="AudiA6" time="0.000"/>
  <testcase classname="com.expedia.flightsbooking.TestNG_Grouping" name="BMW3Series" time="0.000"/>
</testsuite> <!-- com.expedia.flightsbooking.TestNG_Grouping -->
