<?xml version="1.0" encoding="UTF-8"?>
<!-- Generated by org.testng.reporters.JUnitReportReporter -->
<testsuite hostname="MTYTM19083Z56" failures="0" tests="1" name="org.expedia.flightsbooking.TestNG_TestSuite" time="9.489" errors="0" timestamp="24 Sep 2020 18:21:49 GMT" skipped="0">
  <testcase classname="org.expedia.flightsbooking.TestNG_TestSuite" name="fillBasicInfo" time="9.489"/>
</testsuite> <!-- org.expedia.flightsbooking.TestNG_TestSuite -->
