<?xml version="1.0" encoding="UTF-8"?>
<!-- Generated by org.testng.reporters.JUnitReportReporter -->
<testsuite hostname="MTYTM19083Z56" failures="0" tests="1" name="com.expedia.flightsbooking.TestNG_TestSuite" time="7.615" errors="0" timestamp="25 Sep 2020 15:17:46 GMT" skipped="0">
  <testcase classname="com.expedia.flightsbooking.TestNG_TestSuite" name="fillBasicInfo" time="7.615"/>
</testsuite> <!-- com.expedia.flightsbooking.TestNG_TestSuite -->
